<?xml version="1.0" encoding="UTF-8"?>
<testng-results skipped="0" failed="0" ignored="0" total="1" passed="1">
  <reporter-output>
  </reporter-output>
  <suite name="Default suite" duration-ms="102390" started-at="2020-01-10T12:06:17Z" finished-at="2020-01-10T12:07:59Z">
    <groups>
    </groups>
    <test name="Default test" duration-ms="102390" started-at="2020-01-10T12:06:17Z" finished-at="2020-01-10T12:07:59Z">
      <class name="com.Tripadvisor.Tests.Assignment">
        <test-method status="PASS" signature="TestMethod()[pri:0, instance:com.Tripadvisor.Tests.Assignment@4678c730]" name="TestMethod" duration-ms="102335" started-at="2020-01-10T12:06:17Z" finished-at="2020-01-10T12:07:59Z">
          <reporter-output>
          </reporter-output>
        </test-method> <!-- TestMethod -->
      </class> <!-- com.Tripadvisor.Tests.Assignment -->
    </test> <!-- Default test -->
  </suite> <!-- Default suite -->
</testng-results>
